<?xml version="1.0" encoding="UTF-8"?>
<!-- Generated by org.testng.reporters.JUnitXMLReporter -->
<testsuite ignored="0" hostname="ng_desktop" failures="0" tests="3" name="Default test" time="0.023" errors="0" timestamp="2023-06-13T10:25:59 EDT">
  <testcase classname="AllAnnotation.AllAnExample" name="TestMethod1" time="0.002"/>
  <testcase classname="AllAnnotation.AllAnExample" name="TestMehod2" time="0.0"/>
  <testcase classname="AllAnnotation.AllAnExample" name="TestMethod3" time="0.0"/>
</testsuite> <!-- Default test -->
