<?xml version="1.0" encoding="UTF-8"?>
<!-- Generated by org.testng.reporters.JUnitXMLReporter -->
<testsuite ignored="0" hostname="ng_desktop" failures="0" tests="3" name="Test" time="0.022" errors="0" timestamp="2023-06-13T10:26:08 EDT">
  <testcase classname="AllAnnotation.AllAnExample" name="TestMethod1" time="0.003"/>
  <testcase classname="AllAnnotation.AllAnExample" name="TestMehod2" time="0.0"/>
  <testcase classname="AllAnnotation.AllAnExample" name="TestMethod3" time="0.0"/>
</testsuite> <!-- Test -->
