<?xml version="1.0" encoding="UTF-8"?>
<testng-results ignored="0" total="3" passed="3" failed="0" skipped="0">
  <reporter-output>
  </reporter-output>
  <suite started-at="2023-06-13T10:26:08 EDT" name="Suite" finished-at="2023-06-13T10:26:08 EDT" duration-ms="22">
    <groups>
    </groups>
    <test started-at="2023-06-13T10:26:08 EDT" name="Test" finished-at="2023-06-13T10:26:08 EDT" duration-ms="22">
      <class name="AllAnnotation.AllAnExample">
        <test-method is-config="true" signature="beforeSuite()[pri:0, instance:AllAnnotation.AllAnExample@78e4deb0]" started-at="2023-06-13T10:26:08 EDT" name="beforeSuite" finished-at="2023-06-13T10:26:08 EDT" duration-ms="6" status="PASS">
          <reporter-output>
          </reporter-output>
        </test-method> <!-- beforeSuite -->
        <test-method is-config="true" signature="beforeTest()[pri:0, instance:AllAnnotation.AllAnExample@78e4deb0]" started-at="2023-06-13T10:26:08 EDT" name="beforeTest" finished-at="2023-06-13T10:26:08 EDT" duration-ms="1" status="PASS">
          <reporter-output>
          </reporter-output>
        </test-method> <!-- beforeTest -->
        <test-method is-config="true" signature="beforeClass()[pri:0, instance:AllAnnotation.AllAnExample@78e4deb0]" started-at="2023-06-13T10:26:08 EDT" name="beforeClass" finished-at="2023-06-13T10:26:08 EDT" duration-ms="0" status="PASS">
          <reporter-output>
          </reporter-output>
        </test-method> <!-- beforeClass -->
        <test-method signature="TestMethod1()[pri:1, instance:AllAnnotation.AllAnExample@78e4deb0]" started-at="2023-06-13T10:26:08 EDT" name="TestMethod1" finished-at="2023-06-13T10:26:08 EDT" duration-ms="3" status="PASS">
          <reporter-output>
          </reporter-output>
        </test-method> <!-- TestMethod1 -->
        <test-method is-config="true" signature="beforeMethod()[pri:0, instance:AllAnnotation.AllAnExample@78e4deb0]" started-at="2023-06-13T10:26:08 EDT" name="beforeMethod" finished-at="2023-06-13T10:26:08 EDT" duration-ms="0" status="PASS">
          <reporter-output>
          </reporter-output>
        </test-method> <!-- beforeMethod -->
        <test-method is-config="true" signature="afterMethod()[pri:0, instance:AllAnnotation.AllAnExample@78e4deb0]" started-at="2023-06-13T10:26:08 EDT" name="afterMethod" finished-at="2023-06-13T10:26:08 EDT" duration-ms="1" status="PASS">
          <reporter-output>
          </reporter-output>
        </test-method> <!-- afterMethod -->
        <test-method signature="TestMehod2()[pri:2, instance:AllAnnotation.AllAnExample@78e4deb0]" started-at="2023-06-13T10:26:08 EDT" name="TestMehod2" finished-at="2023-06-13T10:26:08 EDT" duration-ms="0" status="PASS">
          <reporter-output>
          </reporter-output>
        </test-method> <!-- TestMehod2 -->
        <test-method is-config="true" signature="beforeMethod()[pri:0, instance:AllAnnotation.AllAnExample@78e4deb0]" started-at="2023-06-13T10:26:08 EDT" name="beforeMethod" finished-at="2023-06-13T10:26:08 EDT" duration-ms="0" status="PASS">
          <reporter-output>
          </reporter-output>
        </test-method> <!-- beforeMethod -->
        <test-method signature="TestMethod3()[pri:3, instance:AllAnnotation.AllAnExample@78e4deb0]" started-at="2023-06-13T10:26:08 EDT" name="TestMethod3" finished-at="2023-06-13T10:26:08 EDT" duration-ms="0" status="PASS">
          <reporter-output>
          </reporter-output>
        </test-method> <!-- TestMethod3 -->
        <test-method is-config="true" signature="beforeMethod()[pri:0, instance:AllAnnotation.AllAnExample@78e4deb0]" started-at="2023-06-13T10:26:08 EDT" name="beforeMethod" finished-at="2023-06-13T10:26:08 EDT" duration-ms="0" status="PASS">
          <reporter-output>
          </reporter-output>
        </test-method> <!-- beforeMethod -->
        <test-method is-config="true" signature="afterMethod()[pri:0, instance:AllAnnotation.AllAnExample@78e4deb0]" started-at="2023-06-13T10:26:08 EDT" name="afterMethod" finished-at="2023-06-13T10:26:08 EDT" duration-ms="0" status="PASS">
          <reporter-output>
          </reporter-output>
        </test-method> <!-- afterMethod -->
        <test-method is-config="true" signature="afterMethod()[pri:0, instance:AllAnnotation.AllAnExample@78e4deb0]" started-at="2023-06-13T10:26:08 EDT" name="afterMethod" finished-at="2023-06-13T10:26:08 EDT" duration-ms="0" status="PASS">
          <reporter-output>
          </reporter-output>
        </test-method> <!-- afterMethod -->
        <test-method is-config="true" signature="afterClass()[pri:0, instance:AllAnnotation.AllAnExample@78e4deb0]" started-at="2023-06-13T10:26:08 EDT" name="afterClass" finished-at="2023-06-13T10:26:08 EDT" duration-ms="0" status="PASS">
          <reporter-output>
          </reporter-output>
        </test-method> <!-- afterClass -->
        <test-method is-config="true" signature="afterTest()[pri:0, instance:AllAnnotation.AllAnExample@78e4deb0]" started-at="2023-06-13T10:26:08 EDT" name="afterTest" finished-at="2023-06-13T10:26:08 EDT" duration-ms="0" status="PASS">
          <reporter-output>
          </reporter-output>
        </test-method> <!-- afterTest -->
        <test-method is-config="true" signature="afterSuite()[pri:0, instance:AllAnnotation.AllAnExample@78e4deb0]" started-at="2023-06-13T10:26:08 EDT" name="afterSuite" finished-at="2023-06-13T10:26:08 EDT" duration-ms="0" status="PASS">
          <reporter-output>
          </reporter-output>
        </test-method> <!-- afterSuite -->
      </class> <!-- AllAnnotation.AllAnExample -->
    </test> <!-- Test -->
  </suite> <!-- Suite -->
</testng-results>
